time="2023-09-03T15:20:53+08:00" level=info
time="2023-09-03T15:20:53+08:00" level=info
time="2023-09-03T15:20:53+08:00" level=info
time="2023-09-03T15:20:54+08:00" level=info
time="2023-09-03T15:20:54+08:00" level=info
time="2023-09-03T15:20:55+08:00" level=info
time="2023-09-03T15:20:55+08:00" level=info
time="2023-09-03T15:20:56+08:00" level=info
time="2023-09-03T15:20:59+08:00" level=info
time="2023-09-03T15:21:10+08:00" level=info
time="2023-09-03T15:21:10+08:00" level=info
time="2023-09-03T15:21:10+08:00" level=info
time="2023-09-03T15:21:10+08:00" level=info
time="2023-09-03T15:21:10+08:00" level=info
time="2023-09-03T15:21:10+08:00" level=info
time="2023-09-03T15:21:12+08:00" level=info
time="2023-09-03T15:21:13+08:00" level=info
time="2023-09-03T15:21:13+08:00" level=info
time="2023-09-03T15:21:13+08:00" level=info
time="2023-09-03T15:21:17+08:00" level=info
time="2023-09-03T15:21:21+08:00" level=info
time="2023-09-03T15:21:24+08:00" level=info
time="2023-09-03T15:21:25+08:00" level=info
time="2023-09-03T15:21:35+08:00" level=info
time="2023-09-03T15:21:36+08:00" level=info
time="2023-09-03T15:21:43+08:00" level=info
time="2023-09-03T15:21:44+08:00" level=info
time="2023-09-03T15:21:44+08:00" level=info
time="2023-09-03T15:21:48+08:00" level=info
time="2023-09-03T15:21:53+08:00" level=info
time="2023-09-03T15:21:55+08:00" level=info
time="2023-09-03T15:21:56+08:00" level=info
time="2023-09-03T15:21:58+08:00" level=info
time="2023-09-03T15:22:07+08:00" level=info
time="2023-09-03T15:22:22+08:00" level=info
time="2023-09-03T15:22:31+08:00" level=info
time="2023-09-03T15:22:34+08:00" level=info
time="2023-09-03T15:22:34+08:00" level=info
time="2023-09-03T15:22:40+08:00" level=info
time="2023-09-03T15:22:40+08:00" level=info
time="2023-09-03T15:22:41+08:00" level=info
time="2023-09-03T15:22:43+08:00" level=info
time="2023-09-03T15:22:45+08:00" level=info
time="2023-09-03T15:22:49+08:00" level=info
time="2023-09-03T15:22:54+08:00" level=info
time="2023-09-03T15:23:00+08:00" level=info
time="2023-09-03T15:23:05+08:00" level=info
time="2023-09-03T15:24:56+08:00" level=info
time="2023-09-03T15:24:58+08:00" level=info
time="2023-09-03T15:25:08+08:00" level=info
time="2023-09-03T15:25:08+08:00" level=info
time="2023-09-03T15:25:13+08:00" level=info
time="2023-09-03T15:25:15+08:00" level=info
time="2023-09-03T15:30:23+08:00" level=info
time="2023-09-03T15:30:23+08:00" level=info
time="2023-09-03T15:30:24+08:00" level=info
time="2023-09-03T15:30:24+08:00" level=info
time="2023-09-03T15:30:24+08:00" level=info
time="2023-09-03T15:30:24+08:00" level=info
time="2023-09-03T15:30:24+08:00" level=info
time="2023-09-03T15:30:24+08:00" level=info
time="2023-09-03T15:30:24+08:00" level=info
time="2023-09-03T15:30:24+08:00" level=info
time="2023-09-03T15:30:24+08:00" level=info
time="2023-09-03T15:30:24+08:00" level=info
time="2023-09-03T15:30:24+08:00" level=info
time="2023-09-03T15:30:24+08:00" level=info
time="2023-09-03T15:30:24+08:00" level=info
time="2023-09-03T15:30:24+08:00" level=info
time="2023-09-03T15:30:24+08:00" level=info
time="2023-09-03T15:30:24+08:00" level=info
time="2023-09-03T15:30:24+08:00" level=info
time="2023-09-03T15:30:24+08:00" level=info
time="2023-09-03T15:30:24+08:00" level=info
time="2023-09-03T15:30:24+08:00" level=info
time="2023-09-03T15:30:24+08:00" level=info
time="2023-09-03T15:30:24+08:00" level=info
time="2023-09-03T15:30:24+08:00" level=info
time="2023-09-03T15:30:24+08:00" level=info
time="2023-09-03T15:30:24+08:00" level=info
time="2023-09-03T15:30:24+08:00" level=info
time="2023-09-03T15:30:24+08:00" level=info
time="2023-09-03T15:30:25+08:00" level=info
time="2023-09-03T15:30:25+08:00" level=info
time="2023-09-03T15:30:25+08:00" level=info
time="2023-09-03T15:30:25+08:00" level=info
time="2023-09-03T15:30:25+08:00" level=info
time="2023-09-03T15:30:25+08:00" level=info
time="2023-09-03T15:30:25+08:00" level=info
time="2023-09-03T15:30:25+08:00" level=info
time="2023-09-03T15:30:25+08:00" level=info
time="2023-09-03T15:30:25+08:00" level=info
time="2023-09-03T15:30:25+08:00" level=info
time="2023-09-03T15:30:25+08:00" level=info
time="2023-09-03T15:30:25+08:00" level=info
time="2023-09-03T15:30:25+08:00" level=info
time="2023-09-03T15:30:25+08:00" level=info
time="2023-09-03T15:30:25+08:00" level=info
time="2023-09-03T15:30:25+08:00" level=info
time="2023-09-03T15:30:25+08:00" level=info
time="2023-09-03T15:30:25+08:00" level=info
time="2023-09-03T15:30:25+08:00" level=info
time="2023-09-03T15:30:25+08:00" level=info
time="2023-09-03T15:30:25+08:00" level=info
time="2023-09-03T15:30:25+08:00" level=info
time="2023-09-03T15:30:25+08:00" level=info
time="2023-09-03T15:30:25+08:00" level=info
time="2023-09-03T15:30:25+08:00" level=info
time="2023-09-03T15:30:25+08:00" level=info
time="2023-09-03T15:30:25+08:00" level=info
time="2023-09-03T15:30:25+08:00" level=info
time="2023-09-03T15:30:25+08:00" level=info
time="2023-09-03T15:30:26+08:00" level=info
time="2023-09-03T15:30:26+08:00" level=info
time="2023-09-03T15:30:26+08:00" level=info
time="2023-09-03T15:30:26+08:00" level=info
time="2023-09-03T15:30:27+08:00" level=info
time="2023-09-03T15:30:27+08:00" level=info
time="2023-09-03T15:30:27+08:00" level=info
time="2023-09-03T15:30:27+08:00" level=info
time="2023-09-03T15:30:27+08:00" level=info
time="2023-09-03T15:30:27+08:00" level=info
time="2023-09-03T15:30:32+08:00" level=info
time="2023-09-03T15:30:33+08:00" level=info
time="2023-09-03T15:30:42+08:00" level=info
time="2023-09-03T15:30:44+08:00" level=info
time="2023-09-03T15:30:47+08:00" level=info
time="2023-09-03T15:30:48+08:00" level=info
time="2023-09-03T15:30:51+08:00" level=info
time="2023-09-03T15:30:54+08:00" level=info
time="2023-09-03T15:31:05+08:00" level=info
time="2023-09-03T15:31:10+08:00" level=info
time="2023-09-03T15:31:15+08:00" level=info
time="2023-09-03T15:31:23+08:00" level=info
time="2023-09-03T15:31:28+08:00" level=info
time="2023-09-03T15:32:04+08:00" level=info
time="2023-09-03T15:32:09+08:00" level=info
time="2023-09-03T15:32:15+08:00" level=info
time="2023-09-03T15:32:15+08:00" level=info
time="2023-09-03T15:32:15+08:00" level=info
time="2023-09-03T15:32:16+08:00" level=info
time="2023-09-03T15:32:24+08:00" level=info
time="2023-09-03T15:32:29+08:00" level=info
time="2023-09-03T15:32:36+08:00" level=info
time="2023-09-03T15:32:49+08:00" level=info
time="2023-09-03T15:33:12+08:00" level=info
time="2023-09-03T15:33:17+08:00" level=info
time="2023-09-03T15:33:18+08:00" level=info
time="2023-09-03T15:33:30+08:00" level=info
time="2023-09-03T15:33:33+08:00" level=info
time="2023-09-03T15:33:47+08:00" level=info
time="2023-09-03T15:33:47+08:00" level=info
time="2023-09-03T15:33:51+08:00" level=info
time="2023-09-03T15:33:52+08:00" level=info
time="2023-09-03T15:33:52+08:00" level=info
time="2023-09-03T15:34:01+08:00" level=info
time="2023-09-03T15:34:01+08:00" level=info
time="2023-09-03T15:34:01+08:00" level=info
time="2023-09-03T15:34:04+08:00" level=info
time="2023-09-03T15:34:08+08:00" level=info
time="2023-09-03T15:34:09+08:00" level=info
time="2023-09-03T15:34:09+08:00" level=info
time="2023-09-03T15:34:10+08:00" level=info
time="2023-09-03T15:34:16+08:00" level=info
time="2023-09-03T15:34:18+08:00" level=info
time="2023-09-03T15:34:22+08:00" level=info
time="2023-09-03T15:34:26+08:00" level=info
time="2023-09-03T15:34:26+08:00" level=info
time="2023-09-03T15:34:33+08:00" level=info
time="2023-09-03T15:34:36+08:00" level=info
time="2023-09-03T15:34:39+08:00" level=info
time="2023-09-03T15:34:52+08:00" level=info
time="2023-09-03T15:34:57+08:00" level=info
time="2023-09-03T15:34:57+08:00" level=info
time="2023-09-03T15:34:57+08:00" level=info
time="2023-09-03T15:34:58+08:00" level=info
time="2023-09-03T15:34:58+08:00" level=info
time="2023-09-03T15:34:59+08:00" level=info
time="2023-09-03T15:35:18+08:00" level=info
time="2023-09-03T15:35:18+08:00" level=info
time="2023-09-03T15:35:19+08:00" level=info
time="2023-09-03T15:35:19+08:00" level=info
time="2023-09-03T15:35:19+08:00" level=info
time="2023-09-03T15:35:19+08:00" level=info
time="2023-09-03T15:35:21+08:00" level=info
time="2023-09-03T15:35:22+08:00" level=info
time="2023-09-03T15:35:23+08:00" level=info
time="2023-09-03T15:35:37+08:00" level=info
time="2023-09-03T15:35:39+08:00" level=info
time="2023-09-03T15:35:40+08:00" level=info
time="2023-09-03T15:35:40+08:00" level=info
time="2023-09-03T15:35:41+08:00" level=info
time="2023-09-03T15:35:49+08:00" level=info
time="2023-09-03T15:36:01+08:00" level=info
time="2023-09-03T15:36:12+08:00" level=info
time="2023-09-03T15:36:13+08:00" level=info
time="2023-09-03T15:36:14+08:00" level=info
time="2023-09-03T15:36:15+08:00" level=info
time="2023-09-03T15:36:17+08:00" level=info
time="2023-09-03T15:36:41+08:00" level=info
time="2023-09-03T15:36:44+08:00" level=info
time="2023-09-03T15:36:44+08:00" level=info
time="2023-09-03T15:36:48+08:00" level=info
time="2023-09-03T15:36:51+08:00" level=info
time="2023-09-03T15:36:56+08:00" level=info
time="2023-09-03T15:37:00+08:00" level=info
time="2023-09-03T15:37:01+08:00" level=info
time="2023-09-03T15:37:02+08:00" level=info
time="2023-09-03T15:37:04+08:00" level=info
time="2023-09-03T15:37:08+08:00" level=info
time="2023-09-03T15:37:29+08:00" level=info
time="2023-09-03T15:37:29+08:00" level=info
time="2023-09-03T15:37:41+08:00" level=info
time="2023-09-03T15:38:06+08:00" level=info
time="2023-09-03T15:38:09+08:00" level=info
time="2023-09-03T15:38:17+08:00" level=info
time="2023-09-03T15:38:17+08:00" level=info
time="2023-09-03T15:38:18+08:00" level=info
time="2023-09-03T15:38:20+08:00" level=info
time="2023-09-03T15:38:20+08:00" level=info
time="2023-09-03T15:38:22+08:00" level=info
time="2023-09-03T15:38:24+08:00" level=info
time="2023-09-03T15:38:30+08:00" level=info
time="2023-09-03T15:38:30+08:00" level=info
time="2023-09-03T15:38:35+08:00" level=info
time="2023-09-03T15:38:37+08:00" level=info
time="2023-09-03T15:38:38+08:00" level=info
time="2023-09-03T15:38:43+08:00" level=info
time="2023-09-03T15:38:45+08:00" level=info
time="2023-09-03T15:38:48+08:00" level=info
time="2023-09-03T15:38:48+08:00" level=info
time="2023-09-03T15:38:51+08:00" level=info
time="2023-09-03T15:38:58+08:00" level=info
time="2023-09-03T15:39:03+08:00" level=info
time="2023-09-03T15:39:04+08:00" level=info
time="2023-09-03T15:39:05+08:00" level=info
time="2023-09-03T15:39:08+08:00" level=info
time="2023-09-03T15:39:09+08:00" level=info
time="2023-09-03T15:39:12+08:00" level=info
time="2023-09-03T15:39:17+08:00" level=info
time="2023-09-03T15:39:18+08:00" level=info
time="2023-09-03T15:39:18+08:00" level=info
time="2023-09-03T15:39:19+08:00" level=info
time="2023-09-03T15:39:20+08:00" level=info
time="2023-09-03T15:39:22+08:00" level=info
time="2023-09-03T15:39:26+08:00" level=info
time="2023-09-03T15:39:32+08:00" level=info
time="2023-09-03T15:39:35+08:00" level=info
time="2023-09-03T15:39:36+08:00" level=info
time="2023-09-03T15:39:37+08:00" level=info
time="2023-09-03T15:39:39+08:00" level=info
time="2023-09-03T15:39:39+08:00" level=info
time="2023-09-03T15:39:42+08:00" level=info
time="2023-09-03T15:39:45+08:00" level=info
time="2023-09-03T15:39:59+08:00" level=info
time="2023-09-03T15:40:07+08:00" level=info
time="2023-09-03T15:40:25+08:00" level=info
time="2023-09-03T15:40:25+08:00" level=info
time="2023-09-03T15:40:41+08:00" level=info
time="2023-09-03T15:40:42+08:00" level=info
time="2023-09-03T15:40:49+08:00" level=info
time="2023-09-03T15:40:50+08:00" level=info
time="2023-09-03T15:40:51+08:00" level=info
time="2023-09-03T15:40:52+08:00" level=info
time="2023-09-03T15:40:54+08:00" level=info
time="2023-09-03T15:40:59+08:00" level=info
time="2023-09-03T15:40:59+08:00" level=info
time="2023-09-03T15:41:14+08:00" level=info
time="2023-09-03T15:41:17+08:00" level=info
time="2023-09-03T15:41:21+08:00" level=info
time="2023-09-03T15:41:23+08:00" level=info
time="2023-09-03T15:41:35+08:00" level=info
time="2023-09-03T15:41:41+08:00" level=info
time="2023-09-03T15:41:51+08:00" level=info 关键词="[国]" 好友=399196282 完整消息="国服吕奉先" 时间="2023-09-03T15:41:51+08:00" 机器人=2885846755 群组=646453216
time="2023-09-03T15:41:51+08:00" level=info 关键词="[哈哈哈 哈哈哈哈 哈哈哈 哈哈哈哈 哈哈哈 哈哈哈哈 哈哈哈 哈哈哈哈 哈哈哈 哈哈哈哈 哈哈哈 哈哈哈哈 哈哈哈 哈哈哈哈 哈哈哈 哈哈哈哈 哈哈哈 哈哈哈哈 哈哈哈 哈哈哈哈 哈哈哈 哈哈哈哈 哈哈哈 哈哈哈哈 哈哈哈 哈哈哈哈 哈哈哈 哈哈哈哈 哈哈哈 哈哈哈哈 哈哈哈]" 好友=1355489821 完整消息="哈哈哈哈哈哈哈哈哈哈哈哈哈哈哈哈哈哈" 时间="2023-09-03T15:41:51+08:00" 机器人=2885846755 群组=794427683
time="2023-09-03T15:41:51+08:00" level=info 关键词="[抽奖]" 好友=2602867584 完整消息="抽奖" 时间="2023-09-03T15:41:51+08:00" 机器人=2885846755 群组=876254760
time="2023-09-03T15:41:53+08:00" level=info 关键词="[我朋友]" 好友=1428198541 完整消息="[CQ:reply,id=487167309][@2932497327] 我朋友说还行[@2932497327]" 时间="2023-09-03T15:41:53+08:00" 机器人=2885846755 群组=580906468
time="2023-09-03T15:42:00+08:00" level=info 关键词="[傻逼]" 好友=694092650 完整消息="傻逼" 时间="2023-09-03T15:42:00+08:00" 机器人=2885846755 群组=127985034
time="2023-09-03T15:42:26+08:00" level=info 关键词="[日本 日本 日本 日本]" 好友=2258950858 完整消息="[[位置]日本京都京丹波町]请使用最新版本手机QQ查看[CQ:json,data={\"app\":\"com.tencent.map\"&#44;\"desc\":\"\"&#44;\"bizsrc\":\"\"&#44;\"view\":\"LocationShare\"&#44;\"ver\":\"1.1.2.21\"&#44;\"prompt\":\"[位置]日本京都京丹波町\"&#44;\"meta\":{\"Location.Search\":{\"address\":\"日本京都京丹波町\"&#44;\"enum_relation_type\":1&#44;\"from\":\"plusPanel\"&#44;\"from_account\":2258950858&#44;\"id\":\"\"&#44;\"lat\":\"35.230094\"&#44;\"lng\":\"135.318053\"&#44;\"name\":\"日本京都京丹波町\"&#44;\"uint64_peer_account\":734053465}}&#44;\"config\":{\"autosize\":false&#44;\"ctime\":1693228242&#44;\"forward\":true&#44;\"token\":\"507de534ed0aea1654ce216b4aa642f7\"&#44;\"type\":\"normal\"}}]" 时间="2023-09-03T15:42:26+08:00" 机器人=2885846755 群组=127985034
time="2023-09-03T15:42:38+08:00" level=info 关键词="[援]" 好友=2849226497 完整消息="那个妲己前期不去支援" 时间="2023-09-03T15:42:38+08:00" 机器人=2885846755 群组=300969482
time="2023-09-03T15:42:39+08:00" level=info 关键词="[满]" 好友=2059721421 完整消息="[@3113259984] \r\n牛子对你的付出很满意吗，增加1.27厘米" 时间="2023-09-03T15:42:39+08:00" 机器人=2885846755 群组=634043347
time="2023-09-03T15:42:55+08:00" level=info 关键词="[搞 舒服]" 好友=2059721421 完整消息="[@3113259984] \r\n自己把自己搞舒服了，牛子涨了0.95厘米" 时间="2023-09-03T15:42:55+08:00" 机器人=2885846755 群组=634043347
time="2023-09-03T15:42:55+08:00" level=info 关键词="[进来]" 好友=347007804 完整消息="不知道拉进来都是谁" 时间="2023-09-03T15:42:55+08:00" 机器人=2885846755 群组=936159829
time="2023-09-03T15:43:03+08:00" level=info 关键词="[SM]" 好友=2932497327 完整消息="[CQ:image,file=a36daaaa3f78f5029ca5d9bd1e8a8750.image,subType=0,url=https://gchat.qpic.cn/download?appid=1407&amp;fileid=CgoyOTMyNDk3MzI3EhTUD50F3LKcMUgUMQGcV9gNxPWifxiG9DQg_woop4vf2PiNgQNQgL2jAQ&amp;rkey=CAISMLPdAWxHVfkjD2jKVE8OfXcwDH8Jlu6b06jLQ4tAPflrAR4mO7XThsstM2_okd36Rw&amp;spec=0]乐" 时间="2023-09-03T15:43:03+08:00" 机器人=2885846755 群组=580906468
time="2023-09-03T15:43:17+08:00" level=info 关键词="[说你]" 好友=3467106844 完整消息="不是说你啦" 时间="2023-09-03T15:43:17+08:00" 机器人=2885846755 群组=598337005
time="2023-09-03T15:43:20+08:00" level=info 关键词="[731 731]" 好友=2258950858 完整消息="[CQ:image,file=7bcf731c1786bf7094a6434f8f6fb247.image,subType=0,url=https://gchat.qpic.cn/gchatpic_new/2258950858/2070985034-2725409478-7BCF731C1786BF7094A6434F8F6FB247/0?term=2&amp;is_origin=0]" 时间="2023-09-03T15:43:20+08:00" 机器人=2885846755 群组=127985034
time="2023-09-03T15:43:24+08:00" level=info 关键词="[兵]" 好友=3528501691 完整消息="#散兵面板" 时间="2023-09-03T15:43:24+08:00" 机器人=2885846755 群组=127985034
time="2023-09-03T15:43:26+08:00" level=info 关键词="[731 731]" 好友=3528501691 完整消息="[CQ:image,file=60737932e3561e84233336ba0e4d7313.image,subType=1,url=https://gchat.qpic.cn/gchatpic_new/3528501691/2070985034-2680003432-60737932E3561E84233336BA0E4D7313/0?term=2&amp;is_origin=0]" 时间="2023-09-03T15:43:26+08:00" 机器人=2885846755 群组=127985034
time="2023-09-03T15:43:33+08:00" level=info 关键词="[逼逼]" 好友=2795743376 完整消息="小狗狗们。你们怎么还在这里瞎逼逼呢？" 时间="2023-09-03T15:43:33+08:00" 机器人=2885846755 群组=733652240
